{
  "RSpec": {
    "coverage": {
      "/Users/Guest/Desktop/weighttracker/app/models/user.rb": [
        1,
        null,
        null,
        1,
        null,
        null
      ],
      "/Users/Guest/Desktop/weighttracker/app/helpers/application_helper.rb": [
        1,
        null
      ],
      "/Users/Guest/Desktop/weighttracker/app/models/excersize.rb": [
        1,
        1,
        1,
        null
      ],
      "/Users/Guest/Desktop/weighttracker/app/models/food.rb": [
        1,
        1,
        1,
        1,
        1,
        1,
        1,
        1,
        1,
        1,
        1,
        null
      ],
      "/Users/Guest/Desktop/weighttracker/app/controllers/application_controller.rb": [
        1,
        null,
        null,
        1,
        null
      ],
      "/Users/Guest/Desktop/weighttracker/app/controllers/users_controller.rb": [
        1,
        1,
        1,
        null,
        null
      ],
      "/Users/Guest/Desktop/weighttracker/app/controllers/food_controller.rb": [
        0,
        0,
        0,
        0,
        0
      ]
    },
    "timestamp": 1459368965
  }
}
